[  1%] Built target vesc_msgs__cpp
[ 12%] Built target vesc_msgs__rosidl_generator_c
[35m[1mConsolidate compiler generated dependencies of target vesc_msgs__rosidl_typesupport_introspection_cpp[0m
[ 23%] Built target vesc_msgs__rosidl_typesupport_fastrtps_cpp
[ 34%] Built target vesc_msgs__rosidl_typesupport_cpp
[ 45%] Built target vesc_msgs__rosidl_typesupport_introspection_cpp
failed to create symbolic link '/home/ndt/ros2car-ws/build/vesc_msgs/ament_cmake_python/vesc_msgs/vesc_msgs' because existing path cannot be removed: Is a directory
gmake[2]: *** [CMakeFiles/ament_cmake_python_symlink_vesc_msgs.dir/build.make:70: CMakeFiles/ament_cmake_python_symlink_vesc_msgs] Error 1
gmake[1]: *** [CMakeFiles/Makefile2:421: CMakeFiles/ament_cmake_python_symlink_vesc_msgs.dir/all] Error 2
gmake[1]: *** Waiting for unfinished jobs....
gmake: *** [Makefile:146: all] Error 2
