[0.057s] Invoking command in '/home/ndt/ros2car-ws/build/vesc_msgs': CMAKE_PREFIX_PATH=${CMAKE_PREFIX_PATH}:/home/ndt/ros2car-ws/install/drive_with_DS4:/opt/ros/humble /usr/bin/cmake --build /home/ndt/ros2car-ws/build/vesc_msgs -- -j6 -l6
[0.716s] [  1%] Built target vesc_msgs__cpp
[0.716s] [ 12%] Built target vesc_msgs__rosidl_generator_c
[0.716s] [35m[1mConsolidate compiler generated dependencies of target vesc_msgs__rosidl_typesupport_introspection_cpp[0m
[0.716s] [ 23%] Built target vesc_msgs__rosidl_typesupport_fastrtps_cpp
[0.716s] [ 34%] Built target vesc_msgs__rosidl_typesupport_cpp
[0.716s] [ 45%] Built target vesc_msgs__rosidl_typesupport_introspection_cpp
[0.717s] failed to create symbolic link '/home/ndt/ros2car-ws/build/vesc_msgs/ament_cmake_python/vesc_msgs/vesc_msgs' because existing path cannot be removed: Is a directory
[0.717s] gmake[2]: *** [CMakeFiles/ament_cmake_python_symlink_vesc_msgs.dir/build.make:70: CMakeFiles/ament_cmake_python_symlink_vesc_msgs] Error 1
[0.717s] gmake[1]: *** [CMakeFiles/Makefile2:421: CMakeFiles/ament_cmake_python_symlink_vesc_msgs.dir/all] Error 2
[0.717s] gmake[1]: *** Waiting for unfinished jobs....
[0.717s] gmake: *** [Makefile:146: all] Error 2
[0.722s] Invoked command in '/home/ndt/ros2car-ws/build/vesc_msgs' returned '2': CMAKE_PREFIX_PATH=${CMAKE_PREFIX_PATH}:/home/ndt/ros2car-ws/install/drive_with_DS4:/opt/ros/humble /usr/bin/cmake --build /home/ndt/ros2car-ws/build/vesc_msgs -- -j6 -l6
